<?xml version="1.0" encoding="UTF-8"?>
<!-- Generated by org.testng.reporters.JUnitReportReporter -->
<testsuite hostname="DESKTOP-0EHH1C9" failures="0" tests="3" name="com.qa.test.DemoTest2" time="0.006" errors="0" timestamp="2021-11-03T12:37:42 IST" skipped="0">
  <testcase classname="com.qa.test.DemoTest2" name="mul" time="0.002"/>
  <system-out/>
  <testcase classname="com.qa.test.DemoTest2" name="sum" time="0.002"/>
  <system-out/>
  <testcase classname="com.qa.test.DemoTest2" name="sub" time="0.002"/>
  <system-out/>
</testsuite> <!-- com.qa.test.DemoTest2 -->
